#
# There is insufficient memory for the Java Runtime Environment to continue.
# Native memory allocation (malloc) failed to allocate 835488 bytes for Chunk::new
# Possible reasons:
#   The system is out of physical RAM or swap space
#   The process is running with CompressedOops enabled, and the Java Heap may be blocking the growth of the native heap
# Possible solutions:
#   Reduce memory load on the system
#   Increase physical memory or swap space
#   Check if swap backing store is full
#   Decrease Java heap size (-Xmx/-Xms)
#   Decrease number of Java threads
#   Decrease Java thread stack sizes (-Xss)
#   Set larger code cache with -XX:ReservedCodeCacheSize=
#   JVM is running with Unscaled Compressed Oops mode in which the Java heap is
#     placed in the first 4GB address space. The Java Heap base address is the
#     maximum limit for the native heap growth. Please use -XX:HeapBaseMinAddress
#     to set the Java Heap base and to place the Java Heap above 4GB virtual address.
# This output file may be truncated or incomplete.
#
#  Out of Memory Error (arena.cpp:168), pid=6648, tid=24272
#
# JRE version: Java(TM) SE Runtime Environment (21.0.1+12) (build 21.0.1+12-LTS-29)
# Java VM: Java HotSpot(TM) 64-Bit Server VM (21.0.1+12-LTS-29, mixed mode, sharing, tiered, compressed oops, compressed class ptrs, g1 gc, windows-amd64)
# No core dump will be written. Minidumps are not enabled by default on client versions of Windows
#

---------------  S U M M A R Y ------------

Command Line: -XX:+ShowCodeDetailsInExceptionMessages com.jwtproject.jwtdemo.JwtdemoApplication

Host: AMD Ryzen 5 5500U with Radeon Graphics         , 12 cores, 7G,  Windows 11 , 64 bit Build 22621 (10.0.22621.4391)
Time: Mon Jan  6 00:46:15 2025 India Standard Time elapsed time: 1.247229 seconds (0d 0h 0m 1s)

---------------  T H R E A D  ---------------

Current thread (0x000002209d501c10):  JavaThread "C2 CompilerThread0" daemon [_thread_in_native, id=24272, stack(0x000000ab12000000,0x000000ab12100000) (1024K)]


Current CompileTask:
C2:   1247 1367       4       org.springframework.boot.context.properties.source.ConfigurationPropertyName$ElementsParser::parse (234 bytes)

Stack: [0x000000ab12000000,0x000000ab12100000]
Native frames: (J=compiled Java code, j=interpreted, Vv=VM code, C=native code)
V  [jvm.dll+0x6c9029]
V  [jvm.dll+0x854b81]
V  [jvm.dll+0x856e5e]
V  [jvm.dll+0x857543]
V  [jvm.dll+0x280c06]
V  [jvm.dll+0xc3ead]
V  [jvm.dll+0xc43c3]
V  [jvm.dll+0x3b576c]
V  [jvm.dll+0x382475]
V  [jvm.dll+0x3818ea]
V  [jvm.dll+0x249ad0]
V  [jvm.dll+0x2490b1]
V  [jvm.dll+0x1c9ca1]
V  [jvm.dll+0x2586b9]
V  [jvm.dll+0x256c9a]
V  [jvm.dll+0x3ef1b6]
V  [jvm.dll+0x7fd728]
V  [jvm.dll+0x6c777d]
C  [ucrtbase.dll+0x29333]
C  [KERNEL32.DLL+0x1259d]
C  [ntdll.dll+0x5af38]


---------------  P R O C E S S  ---------------

Threads class SMR info:
_java_thread_list=0x000002209d7b9a60, length=12, elements={
0x00000220fe76f8d0, 0x000002209d4ebef0, 0x000002209d4eec20, 0x000002209d4f1b60,
0x000002209d4f26f0, 0x000002209d4f3430, 0x000002209d500970, 0x000002209d501c10,
0x000002209d508800, 0x000002209d7a2bc0, 0x000002209d7aabc0, 0x000002209d507a60
}

Java Threads: ( => current thread )
  0x00000220fe76f8d0 JavaThread "main"                              [_thread_in_Java, id=1588, stack(0x000000ab11200000,0x000000ab11300000) (1024K)]
  0x000002209d4ebef0 JavaThread "Reference Handler"          daemon [_thread_blocked, id=4420, stack(0x000000ab11a00000,0x000000ab11b00000) (1024K)]
  0x000002209d4eec20 JavaThread "Finalizer"                  daemon [_thread_blocked, id=25504, stack(0x000000ab11b00000,0x000000ab11c00000) (1024K)]
  0x000002209d4f1b60 JavaThread "Signal Dispatcher"          daemon [_thread_blocked, id=11984, stack(0x000000ab11c00000,0x000000ab11d00000) (1024K)]
  0x000002209d4f26f0 JavaThread "Attach Listener"            daemon [_thread_blocked, id=880, stack(0x000000ab11d00000,0x000000ab11e00000) (1024K)]
  0x000002209d4f3430 JavaThread "Service Thread"             daemon [_thread_blocked, id=21492, stack(0x000000ab11e00000,0x000000ab11f00000) (1024K)]
  0x000002209d500970 JavaThread "Monitor Deflation Thread"   daemon [_thread_blocked, id=16856, stack(0x000000ab11f00000,0x000000ab12000000) (1024K)]
=>0x000002209d501c10 JavaThread "C2 CompilerThread0"         daemon [_thread_in_native, id=24272, stack(0x000000ab12000000,0x000000ab12100000) (1024K)]
  0x000002209d508800 JavaThread "C1 CompilerThread0"         daemon [_thread_in_native, id=9860, stack(0x000000ab12100000,0x000000ab12200000) (1024K)]
  0x000002209d7a2bc0 JavaThread "Notification Thread"        daemon [_thread_blocked, id=25120, stack(0x000000ab12200000,0x000000ab12300000) (1024K)]
  0x000002209d7aabc0 JavaThread "Common-Cleaner"             daemon [_thread_blocked, id=10104, stack(0x000000ab12300000,0x000000ab12400000) (1024K)]
  0x000002209d507a60 JavaThread "C2 CompilerThread1"         daemon [_thread_in_native, id=10356, stack(0x000000ab12400000,0x000000ab12500000) (1024K)]
Total: 12

Other Threads:
  0x00000220fe74f1d0 VMThread "VM Thread"                           [id=17540, stack(0x000000ab11900000,0x000000ab11a00000) (1024K)]
  0x000002209d4b5cb0 WatcherThread "VM Periodic Task Thread"        [id=23952, stack(0x000000ab11800000,0x000000ab11900000) (1024K)]
  0x00000220fe74e6f0 WorkerThread "GC Thread#0"                     [id=16276, stack(0x000000ab11300000,0x000000ab11400000) (1024K)]
  0x00000220fe74dc10 WorkerThread "GC Thread#1"                     [id=14612, stack(0x000000ab12500000,0x000000ab12600000) (1024K)]
  0x00000220e387d580 WorkerThread "GC Thread#2"                     [id=24344, stack(0x000000ab12600000,0x000000ab12700000) (1024K)]
  0x00000220e387f280 WorkerThread "GC Thread#3"                     [id=4664, stack(0x000000ab12700000,0x000000ab12800000) (1024K)]
  0x00000220e38804a0 WorkerThread "GC Thread#4"                     [id=2680, stack(0x000000ab12800000,0x000000ab12900000) (1024K)]
  0x00000220e387f620 WorkerThread "GC Thread#5"                     [id=2072, stack(0x000000ab12900000,0x000000ab12a00000) (1024K)]
  0x00000220fea87ed0 ConcurrentGCThread "G1 Main Marker"            [id=21976, stack(0x000000ab11400000,0x000000ab11500000) (1024K)]
  0x00000220fe74e350 WorkerThread "G1 Conc#0"                       [id=11604, stack(0x000000ab11500000,0x000000ab11600000) (1024K)]
  0x000002209d388920 ConcurrentGCThread "G1 Refine#0"               [id=17276, stack(0x000000ab11600000,0x000000ab11700000) (1024K)]
  0x000002209d3892a0 ConcurrentGCThread "G1 Service"                [id=14172, stack(0x000000ab11700000,0x000000ab11800000) (1024K)]
Total: 12

Threads with active compile tasks:
C2 CompilerThread0     1274 1367       4       org.springframework.boot.context.properties.source.ConfigurationPropertyName$ElementsParser::parse (234 bytes)
C2 CompilerThread1     1274 1485       4       java.util.stream.SpinedBuffer::accept (94 bytes)
Total: 2

VM state: not at safepoint (normal execution)

VM Mutex/Monitor currently owned by a thread: None

Heap address: 0x000000008ac00000, size: 1876 MB, Compressed Oops mode: 32-bit

CDS archive(s) mapped at: [0x000002209e000000-0x000002209ec90000-0x000002209ec90000), size 13172736, SharedBaseAddress: 0x000002209e000000, ArchiveRelocationMode: 1.
Compressed class space mapped at: 0x000002209f000000-0x00000220df000000, reserved size: 1073741824
Narrow klass base: 0x000002209e000000, Narrow klass shift: 0, Narrow klass range: 0x100000000

GC Precious Log:
 CardTable entry size: 512
 Card Set container configuration: InlinePtr #cards 5 size 8 Array Of Cards #cards 12 size 40 Howl #buckets 4 coarsen threshold 1843 Howl Bitmap #cards 512 size 80 coarsen threshold 460 Card regions per heap region 1 cards per card region 2048
 CPUs: 12 total, 12 available
 Memory: 7501M
 Large Page Support: Disabled
 NUMA Support: Disabled
 Compressed Oops: Enabled (32-bit)
 Heap Region Size: 1M
 Heap Min Capacity: 8M
 Heap Initial Capacity: 118M
 Heap Max Capacity: 1876M
 Pre-touch: Disabled
 Parallel Workers: 10
 Concurrent Workers: 3
 Concurrent Refinement Workers: 10
 Periodic GC: Disabled

Heap:
 garbage-first heap   total 120832K, used 10640K [0x000000008ac00000, 0x0000000100000000)
  region size 1024K, 7 young (7168K), 3 survivors (3072K)
 Metaspace       used 7568K, committed 7808K, reserved 1114112K
  class space    used 901K, committed 1024K, reserved 1048576K

Heap Regions: E=young(eden), S=young(survivor), O=old, HS=humongous(starts), HC=humongous(continues), CS=collection set, F=free, TAMS=top-at-mark-start, PB=parsable bottom
|   0|0x000000008ac00000, 0x000000008ad00000, 0x000000008ad00000|100%|HS|  |TAMS 0x000000008ac00000| PB 0x000000008ac00000| Complete 
|   1|0x000000008ad00000, 0x000000008ae00000, 0x000000008ae00000|100%|HS|  |TAMS 0x000000008ad00000| PB 0x000000008ad00000| Complete 
|   2|0x000000008ae00000, 0x000000008af00000, 0x000000008af00000|100%| O|  |TAMS 0x000000008ae00000| PB 0x000000008ae00000| Untracked 
|   3|0x000000008af00000, 0x000000008b000000, 0x000000008b000000|100%| O|  |TAMS 0x000000008af00000| PB 0x000000008af00000| Untracked 
|   4|0x000000008b000000, 0x000000008b064000, 0x000000008b100000| 39%| O|  |TAMS 0x000000008b000000| PB 0x000000008b000000| Untracked 
|   5|0x000000008b100000, 0x000000008b100000, 0x000000008b200000|  0%| F|  |TAMS 0x000000008b100000| PB 0x000000008b100000| Untracked 
|   6|0x000000008b200000, 0x000000008b200000, 0x000000008b300000|  0%| F|  |TAMS 0x000000008b200000| PB 0x000000008b200000| Untracked 
|   7|0x000000008b300000, 0x000000008b300000, 0x000000008b400000|  0%| F|  |TAMS 0x000000008b300000| PB 0x000000008b300000| Untracked 
|   8|0x000000008b400000, 0x000000008b400000, 0x000000008b500000|  0%| F|  |TAMS 0x000000008b400000| PB 0x000000008b400000| Untracked 
|   9|0x000000008b500000, 0x000000008b500000, 0x000000008b600000|  0%| F|  |TAMS 0x000000008b500000| PB 0x000000008b500000| Untracked 
|  10|0x000000008b600000, 0x000000008b600000, 0x000000008b700000|  0%| F|  |TAMS 0x000000008b600000| PB 0x000000008b600000| Untracked 
|  11|0x000000008b700000, 0x000000008b700000, 0x000000008b800000|  0%| F|  |TAMS 0x000000008b700000| PB 0x000000008b700000| Untracked 
|  12|0x000000008b800000, 0x000000008b800000, 0x000000008b900000|  0%| F|  |TAMS 0x000000008b800000| PB 0x000000008b800000| Untracked 
|  13|0x000000008b900000, 0x000000008b900000, 0x000000008ba00000|  0%| F|  |TAMS 0x000000008b900000| PB 0x000000008b900000| Untracked 
|  14|0x000000008ba00000, 0x000000008ba00000, 0x000000008bb00000|  0%| F|  |TAMS 0x000000008ba00000| PB 0x000000008ba00000| Untracked 
|  15|0x000000008bb00000, 0x000000008bb00000, 0x000000008bc00000|  0%| F|  |TAMS 0x000000008bb00000| PB 0x000000008bb00000| Untracked 
|  16|0x000000008bc00000, 0x000000008bc00000, 0x000000008bd00000|  0%| F|  |TAMS 0x000000008bc00000| PB 0x000000008bc00000| Untracked 
|  17|0x000000008bd00000, 0x000000008bd00000, 0x000000008be00000|  0%| F|  |TAMS 0x000000008bd00000| PB 0x000000008bd00000| Untracked 
|  18|0x000000008be00000, 0x000000008be00000, 0x000000008bf00000|  0%| F|  |TAMS 0x000000008be00000| PB 0x000000008be00000| Untracked 
|  19|0x000000008bf00000, 0x000000008bf00000, 0x000000008c000000|  0%| F|  |TAMS 0x000000008bf00000| PB 0x000000008bf00000| Untracked 
|  20|0x000000008c000000, 0x000000008c000000, 0x000000008c100000|  0%| F|  |TAMS 0x000000008c000000| PB 0x000000008c000000| Untracked 
|  21|0x000000008c100000, 0x000000008c100000, 0x000000008c200000|  0%| F|  |TAMS 0x000000008c100000| PB 0x000000008c100000| Untracked 
|  22|0x000000008c200000, 0x000000008c200000, 0x000000008c300000|  0%| F|  |TAMS 0x000000008c200000| PB 0x000000008c200000| Untracked 
|  23|0x000000008c300000, 0x000000008c300000, 0x000000008c400000|  0%| F|  |TAMS 0x000000008c300000| PB 0x000000008c300000| Untracked 
|  24|0x000000008c400000, 0x000000008c400000, 0x000000008c500000|  0%| F|  |TAMS 0x000000008c400000| PB 0x000000008c400000| Untracked 
|  25|0x000000008c500000, 0x000000008c500000, 0x000000008c600000|  0%| F|  |TAMS 0x000000008c500000| PB 0x000000008c500000| Untracked 
|  26|0x000000008c600000, 0x000000008c600000, 0x000000008c700000|  0%| F|  |TAMS 0x000000008c600000| PB 0x000000008c600000| Untracked 
|  27|0x000000008c700000, 0x000000008c700000, 0x000000008c800000|  0%| F|  |TAMS 0x000000008c700000| PB 0x000000008c700000| Untracked 
|  28|0x000000008c800000, 0x000000008c800000, 0x000000008c900000|  0%| F|  |TAMS 0x000000008c800000| PB 0x000000008c800000| Untracked 
|  29|0x000000008c900000, 0x000000008c900000, 0x000000008ca00000|  0%| F|  |TAMS 0x000000008c900000| PB 0x000000008c900000| Untracked 
|  30|0x000000008ca00000, 0x000000008ca00000, 0x000000008cb00000|  0%| F|  |TAMS 0x000000008ca00000| PB 0x000000008ca00000| Untracked 
|  31|0x000000008cb00000, 0x000000008cb00000, 0x000000008cc00000|  0%| F|  |TAMS 0x000000008cb00000| PB 0x000000008cb00000| Untracked 
|  32|0x000000008cc00000, 0x000000008cc00000, 0x000000008cd00000|  0%| F|  |TAMS 0x000000008cc00000| PB 0x000000008cc00000| Untracked 
|  33|0x000000008cd00000, 0x000000008cd00000, 0x000000008ce00000|  0%| F|  |TAMS 0x000000008cd00000| PB 0x000000008cd00000| Untracked 
|  34|0x000000008ce00000, 0x000000008ce00000, 0x000000008cf00000|  0%| F|  |TAMS 0x000000008ce00000| PB 0x000000008ce00000| Untracked 
|  35|0x000000008cf00000, 0x000000008cf00000, 0x000000008d000000|  0%| F|  |TAMS 0x000000008cf00000| PB 0x000000008cf00000| Untracked 
|  36|0x000000008d000000, 0x000000008d000000, 0x000000008d100000|  0%| F|  |TAMS 0x000000008d000000| PB 0x000000008d000000| Untracked 
|  37|0x000000008d100000, 0x000000008d100000, 0x000000008d200000|  0%| F|  |TAMS 0x000000008d100000| PB 0x000000008d100000| Untracked 
|  38|0x000000008d200000, 0x000000008d200000, 0x000000008d300000|  0%| F|  |TAMS 0x000000008d200000| PB 0x000000008d200000| Untracked 
|  39|0x000000008d300000, 0x000000008d300000, 0x000000008d400000|  0%| F|  |TAMS 0x000000008d300000| PB 0x000000008d300000| Untracked 
|  40|0x000000008d400000, 0x000000008d400000, 0x000000008d500000|  0%| F|  |TAMS 0x000000008d400000| PB 0x000000008d400000| Untracked 
|  41|0x000000008d500000, 0x000000008d500000, 0x000000008d600000|  0%| F|  |TAMS 0x000000008d500000| PB 0x000000008d500000| Untracked 
|  42|0x000000008d600000, 0x000000008d600000, 0x000000008d700000|  0%| F|  |TAMS 0x000000008d600000| PB 0x000000008d600000| Untracked 
|  43|0x000000008d700000, 0x000000008d700000, 0x000000008d800000|  0%| F|  |TAMS 0x000000008d700000| PB 0x000000008d700000| Untracked 
|  44|0x000000008d800000, 0x000000008d800000, 0x000000008d900000|  0%| F|  |TAMS 0x000000008d800000| PB 0x000000008d800000| Untracked 
|  45|0x000000008d900000, 0x000000008d900000, 0x000000008da00000|  0%| F|  |TAMS 0x000000008d900000| PB 0x000000008d900000| Untracked 
|  46|0x000000008da00000, 0x000000008da00000, 0x000000008db00000|  0%| F|  |TAMS 0x000000008da00000| PB 0x000000008da00000| Untracked 
|  47|0x000000008db00000, 0x000000008db00000, 0x000000008dc00000|  0%| F|  |TAMS 0x000000008db00000| PB 0x000000008db00000| Untracked 
|  48|0x000000008dc00000, 0x000000008dc00000, 0x000000008dd00000|  0%| F|  |TAMS 0x000000008dc00000| PB 0x000000008dc00000| Untracked 
|  49|0x000000008dd00000, 0x000000008dd00000, 0x000000008de00000|  0%| F|  |TAMS 0x000000008dd00000| PB 0x000000008dd00000| Untracked 
|  50|0x000000008de00000, 0x000000008de00000, 0x000000008df00000|  0%| F|  |TAMS 0x000000008de00000| PB 0x000000008de00000| Untracked 
|  51|0x000000008df00000, 0x000000008df00000, 0x000000008e000000|  0%| F|  |TAMS 0x000000008df00000| PB 0x000000008df00000| Untracked 
|  52|0x000000008e000000, 0x000000008e000000, 0x000000008e100000|  0%| F|  |TAMS 0x000000008e000000| PB 0x000000008e000000| Untracked 
|  53|0x000000008e100000, 0x000000008e100000, 0x000000008e200000|  0%| F|  |TAMS 0x000000008e100000| PB 0x000000008e100000| Untracked 
|  54|0x000000008e200000, 0x000000008e200000, 0x000000008e300000|  0%| F|  |TAMS 0x000000008e200000| PB 0x000000008e200000| Untracked 
|  55|0x000000008e300000, 0x000000008e300000, 0x000000008e400000|  0%| F|  |TAMS 0x000000008e300000| PB 0x000000008e300000| Untracked 
|  56|0x000000008e400000, 0x000000008e400000, 0x000000008e500000|  0%| F|  |TAMS 0x000000008e400000| PB 0x000000008e400000| Untracked 
|  57|0x000000008e500000, 0x000000008e500000, 0x000000008e600000|  0%| F|  |TAMS 0x000000008e500000| PB 0x000000008e500000| Untracked 
|  58|0x000000008e600000, 0x000000008e600000, 0x000000008e700000|  0%| F|  |TAMS 0x000000008e600000| PB 0x000000008e600000| Untracked 
|  59|0x000000008e700000, 0x000000008e700000, 0x000000008e800000|  0%| F|  |TAMS 0x000000008e700000| PB 0x000000008e700000| Untracked 
|  60|0x000000008e800000, 0x000000008e800000, 0x000000008e900000|  0%| F|  |TAMS 0x000000008e800000| PB 0x000000008e800000| Untracked 
|  61|0x000000008e900000, 0x000000008e900000, 0x000000008ea00000|  0%| F|  |TAMS 0x000000008e900000| PB 0x000000008e900000| Untracked 
|  62|0x000000008ea00000, 0x000000008ea00000, 0x000000008eb00000|  0%| F|  |TAMS 0x000000008ea00000| PB 0x000000008ea00000| Untracked 
|  63|0x000000008eb00000, 0x000000008eb00000, 0x000000008ec00000|  0%| F|  |TAMS 0x000000008eb00000| PB 0x000000008eb00000| Untracked 
|  64|0x000000008ec00000, 0x000000008ec00000, 0x000000008ed00000|  0%| F|  |TAMS 0x000000008ec00000| PB 0x000000008ec00000| Untracked 
|  65|0x000000008ed00000, 0x000000008ed00000, 0x000000008ee00000|  0%| F|  |TAMS 0x000000008ed00000| PB 0x000000008ed00000| Untracked 
|  66|0x000000008ee00000, 0x000000008ee00000, 0x000000008ef00000|  0%| F|  |TAMS 0x000000008ee00000| PB 0x000000008ee00000| Untracked 
|  67|0x000000008ef00000, 0x000000008ef00000, 0x000000008f000000|  0%| F|  |TAMS 0x000000008ef00000| PB 0x000000008ef00000| Untracked 
|  68|0x000000008f000000, 0x000000008f000000, 0x000000008f100000|  0%| F|  |TAMS 0x000000008f000000| PB 0x000000008f000000| Untracked 
|  69|0x000000008f100000, 0x000000008f100000, 0x000000008f200000|  0%| F|  |TAMS 0x000000008f100000| PB 0x000000008f100000| Untracked 
|  70|0x000000008f200000, 0x000000008f200000, 0x000000008f300000|  0%| F|  |TAMS 0x000000008f200000| PB 0x000000008f200000| Untracked 
|  71|0x000000008f300000, 0x000000008f300000, 0x000000008f400000|  0%| F|  |TAMS 0x000000008f300000| PB 0x000000008f300000| Untracked 
|  72|0x000000008f400000, 0x000000008f400000, 0x000000008f500000|  0%| F|  |TAMS 0x000000008f400000| PB 0x000000008f400000| Untracked 
|  73|0x000000008f500000, 0x000000008f500000, 0x000000008f600000|  0%| F|  |TAMS 0x000000008f500000| PB 0x000000008f500000| Untracked 
|  74|0x000000008f600000, 0x000000008f600000, 0x000000008f700000|  0%| F|  |TAMS 0x000000008f600000| PB 0x000000008f600000| Untracked 
|  75|0x000000008f700000, 0x000000008f700000, 0x000000008f800000|  0%| F|  |TAMS 0x000000008f700000| PB 0x000000008f700000| Untracked 
|  76|0x000000008f800000, 0x000000008f800000, 0x000000008f900000|  0%| F|  |TAMS 0x000000008f800000| PB 0x000000008f800000| Untracked 
|  77|0x000000008f900000, 0x000000008f900000, 0x000000008fa00000|  0%| F|  |TAMS 0x000000008f900000| PB 0x000000008f900000| Untracked 
|  78|0x000000008fa00000, 0x000000008fa00000, 0x000000008fb00000|  0%| F|  |TAMS 0x000000008fa00000| PB 0x000000008fa00000| Untracked 
|  79|0x000000008fb00000, 0x000000008fb00000, 0x000000008fc00000|  0%| F|  |TAMS 0x000000008fb00000| PB 0x000000008fb00000| Untracked 
|  80|0x000000008fc00000, 0x000000008fc00000, 0x000000008fd00000|  0%| F|  |TAMS 0x000000008fc00000| PB 0x000000008fc00000| Untracked 
|  81|0x000000008fd00000, 0x000000008fd00000, 0x000000008fe00000|  0%| F|  |TAMS 0x000000008fd00000| PB 0x000000008fd00000| Untracked 
|  82|0x000000008fe00000, 0x000000008fe00000, 0x000000008ff00000|  0%| F|  |TAMS 0x000000008fe00000| PB 0x000000008fe00000| Untracked 
|  83|0x000000008ff00000, 0x000000008ff00000, 0x0000000090000000|  0%| F|  |TAMS 0x000000008ff00000| PB 0x000000008ff00000| Untracked 
|  84|0x0000000090000000, 0x0000000090000000, 0x0000000090100000|  0%| F|  |TAMS 0x0000000090000000| PB 0x0000000090000000| Untracked 
|  85|0x0000000090100000, 0x0000000090100000, 0x0000000090200000|  0%| F|  |TAMS 0x0000000090100000| PB 0x0000000090100000| Untracked 
|  86|0x0000000090200000, 0x0000000090200000, 0x0000000090300000|  0%| F|  |TAMS 0x0000000090200000| PB 0x0000000090200000| Untracked 
|  87|0x0000000090300000, 0x0000000090300000, 0x0000000090400000|  0%| F|  |TAMS 0x0000000090300000| PB 0x0000000090300000| Untracked 
|  88|0x0000000090400000, 0x0000000090400000, 0x0000000090500000|  0%| F|  |TAMS 0x0000000090400000| PB 0x0000000090400000| Untracked 
|  89|0x0000000090500000, 0x0000000090500000, 0x0000000090600000|  0%| F|  |TAMS 0x0000000090500000| PB 0x0000000090500000| Untracked 
|  90|0x0000000090600000, 0x0000000090600000, 0x0000000090700000|  0%| F|  |TAMS 0x0000000090600000| PB 0x0000000090600000| Untracked 
|  91|0x0000000090700000, 0x0000000090700000, 0x0000000090800000|  0%| F|  |TAMS 0x0000000090700000| PB 0x0000000090700000| Untracked 
|  92|0x0000000090800000, 0x0000000090900000, 0x0000000090900000|100%| S|CS|TAMS 0x0000000090800000| PB 0x0000000090800000| Complete 
|  93|0x0000000090900000, 0x0000000090a00000, 0x0000000090a00000|100%| S|CS|TAMS 0x0000000090900000| PB 0x0000000090900000| Complete 
|  94|0x0000000090a00000, 0x0000000090b00000, 0x0000000090b00000|100%| S|CS|TAMS 0x0000000090a00000| PB 0x0000000090a00000| Complete 
|  95|0x0000000090b00000, 0x0000000090b00000, 0x0000000090c00000|  0%| F|  |TAMS 0x0000000090b00000| PB 0x0000000090b00000| Untracked 
|  96|0x0000000090c00000, 0x0000000090c00000, 0x0000000090d00000|  0%| F|  |TAMS 0x0000000090c00000| PB 0x0000000090c00000| Untracked 
|  97|0x0000000090d00000, 0x0000000090d00000, 0x0000000090e00000|  0%| F|  |TAMS 0x0000000090d00000| PB 0x0000000090d00000| Untracked 
|  98|0x0000000090e00000, 0x0000000090e00000, 0x0000000090f00000|  0%| F|  |TAMS 0x0000000090e00000| PB 0x0000000090e00000| Untracked 
|  99|0x0000000090f00000, 0x0000000090f00000, 0x0000000091000000|  0%| F|  |TAMS 0x0000000090f00000| PB 0x0000000090f00000| Untracked 
| 100|0x0000000091000000, 0x0000000091000000, 0x0000000091100000|  0%| F|  |TAMS 0x0000000091000000| PB 0x0000000091000000| Untracked 
| 101|0x0000000091100000, 0x0000000091100000, 0x0000000091200000|  0%| F|  |TAMS 0x0000000091100000| PB 0x0000000091100000| Untracked 
| 102|0x0000000091200000, 0x0000000091200000, 0x0000000091300000|  0%| F|  |TAMS 0x0000000091200000| PB 0x0000000091200000| Untracked 
| 103|0x0000000091300000, 0x0000000091300000, 0x0000000091400000|  0%| F|  |TAMS 0x0000000091300000| PB 0x0000000091300000| Untracked 
| 104|0x0000000091400000, 0x0000000091400000, 0x0000000091500000|  0%| F|  |TAMS 0x0000000091400000| PB 0x0000000091400000| Untracked 
| 105|0x0000000091500000, 0x0000000091500000, 0x0000000091600000|  0%| F|  |TAMS 0x0000000091500000| PB 0x0000000091500000| Untracked 
| 106|0x0000000091600000, 0x0000000091600000, 0x0000000091700000|  0%| F|  |TAMS 0x0000000091600000| PB 0x0000000091600000| Untracked 
| 107|0x0000000091700000, 0x0000000091700000, 0x0000000091800000|  0%| F|  |TAMS 0x0000000091700000| PB 0x0000000091700000| Untracked 
| 108|0x0000000091800000, 0x0000000091800000, 0x0000000091900000|  0%| F|  |TAMS 0x0000000091800000| PB 0x0000000091800000| Untracked 
| 109|0x0000000091900000, 0x0000000091900000, 0x0000000091a00000|  0%| F|  |TAMS 0x0000000091900000| PB 0x0000000091900000| Untracked 
| 110|0x0000000091a00000, 0x0000000091a00000, 0x0000000091b00000|  0%| F|  |TAMS 0x0000000091a00000| PB 0x0000000091a00000| Untracked 
| 111|0x0000000091b00000, 0x0000000091b00000, 0x0000000091c00000|  0%| F|  |TAMS 0x0000000091b00000| PB 0x0000000091b00000| Untracked 
| 112|0x0000000091c00000, 0x0000000091c00000, 0x0000000091d00000|  0%| F|  |TAMS 0x0000000091c00000| PB 0x0000000091c00000| Untracked 
| 113|0x0000000091d00000, 0x0000000091d00000, 0x0000000091e00000|  0%| F|  |TAMS 0x0000000091d00000| PB 0x0000000091d00000| Untracked 
| 114|0x0000000091e00000, 0x0000000091f00000, 0x0000000091f00000|100%| E|  |TAMS 0x0000000091e00000| PB 0x0000000091e00000| Complete 
| 115|0x0000000091f00000, 0x0000000092000000, 0x0000000092000000|100%| E|CS|TAMS 0x0000000091f00000| PB 0x0000000091f00000| Complete 
| 116|0x0000000092000000, 0x0000000092100000, 0x0000000092100000|100%| E|CS|TAMS 0x0000000092000000| PB 0x0000000092000000| Complete 
| 117|0x0000000092100000, 0x0000000092200000, 0x0000000092200000|100%| E|CS|TAMS 0x0000000092100000| PB 0x0000000092100000| Complete 

Card table byte_map: [0x00000220987a0000,0x0000022098b50000] _byte_map_base: 0x000002209834a000

Marking Bits: (CMBitMap*) 0x00000220fea78b70
 Bits: [0x0000022098b50000, 0x000002209a8a0000)

Polling page: 0x00000220feae0000

Metaspace:

Usage:
  Non-class:      6.51 MB used.
      Class:    901.97 KB used.
       Both:      7.39 MB used.

Virtual space:
  Non-class space:       64.00 MB reserved,       6.62 MB ( 10%) committed,  1 nodes.
      Class space:        1.00 GB reserved,       1.00 MB ( <1%) committed,  1 nodes.
             Both:        1.06 GB reserved,       7.62 MB ( <1%) committed. 

Chunk freelists:
   Non-Class:  8.33 MB
       Class:  14.83 MB
        Both:  23.16 MB

MaxMetaspaceSize: unlimited
CompressedClassSpaceSize: 1.00 GB
Initial GC threshold: 21.00 MB
Current GC threshold: 21.00 MB
CDS: on
 - commit_granule_bytes: 65536.
 - commit_granule_words: 8192.
 - virtual_space_node_default_size: 8388608.
 - enlarge_chunks_in_place: 1.
 - use_allocation_guard: 0.


Internal statistics:

num_allocs_failed_limit: 0.
num_arena_births: 220.
num_arena_deaths: 0.
num_vsnodes_births: 2.
num_vsnodes_deaths: 0.
num_space_committed: 122.
num_space_uncommitted: 0.
num_chunks_returned_to_freelist: 0.
num_chunks_taken_from_freelist: 498.
num_chunk_merges: 0.
num_chunk_splits: 273.
num_chunks_enlarged: 148.
num_inconsistent_stats: 0.

CodeHeap 'non-profiled nmethods': size=120000Kb used=514Kb max_used=514Kb free=119486Kb
 bounds [0x0000022091270000, 0x00000220914e0000, 0x00000220987a0000]
CodeHeap 'profiled nmethods': size=120000Kb used=2702Kb max_used=2702Kb free=117297Kb
 bounds [0x00000220897a0000, 0x0000022089a50000, 0x0000022090cd0000]
CodeHeap 'non-nmethods': size=5760Kb used=1372Kb max_used=1390Kb free=4387Kb
 bounds [0x0000022090cd0000, 0x0000022090f40000, 0x0000022091270000]
 total_blobs=1974 nmethods=1499 adapters=380
 compilation: enabled
              stopped_count=0, restarted_count=0
 full_count=0

Compilation events (20 events):
Event: 1.234 Thread 0x000002209d508800 1447       3       jdk.internal.org.objectweb.asm.FieldWriter::visitEnd (1 bytes)
Event: 1.234 Thread 0x000002209d508800 nmethod 1447 0x0000022089a2dc10 code [0x0000022089a2dda0, 0x0000022089a2deb0]
Event: 1.234 Thread 0x000002209d508800 1448       3       java.lang.String::toUpperCase (29 bytes)
Event: 1.234 Thread 0x000002209d507a60 nmethod 1432 0x00000220912eb690 code [0x00000220912eb820, 0x00000220912eb8e8]
Event: 1.234 Thread 0x000002209d507a60 1449       4       java.util.HashMap$HashIterator::nextNode (100 bytes)
Event: 1.235 Thread 0x000002209d508800 nmethod 1448 0x0000022089a2df10 code [0x0000022089a2e0e0, 0x0000022089a2e3b0]
Event: 1.235 Thread 0x000002209d508800 1450       3       java.util.ArrayList::isEmpty (13 bytes)
Event: 1.235 Thread 0x000002209d508800 nmethod 1450 0x0000022089a2e490 code [0x0000022089a2e620, 0x0000022089a2e790]
Event: 1.235 Thread 0x000002209d508800 1451       3       java.util.stream.SpinedBuffer::ensureCapacity (138 bytes)
Event: 1.236 Thread 0x000002209d508800 nmethod 1451 0x0000022089a2e810 code [0x0000022089a2ea80, 0x0000022089a2f9d0]
Event: 1.236 Thread 0x000002209d508800 1452       3       org.springframework.boot.context.properties.source.ConfigurationPropertyName$Elements::newResolved (32 bytes)
Event: 1.236 Thread 0x000002209d508800 nmethod 1452 0x0000022089a2fe90 code [0x0000022089a30040, 0x0000022089a30390]
Event: 1.240 Thread 0x000002209d508800 1454       3       java.lang.invoke.LambdaForm::editor (5 bytes)
Event: 1.240 Thread 0x000002209d508800 nmethod 1454 0x0000022089a30490 code [0x0000022089a30660, 0x0000022089a30998]
Event: 1.240 Thread 0x000002209d508800 1456       3       org.springframework.boot.context.properties.source.SpringIterableConfigurationPropertySource::getMappings (23 bytes)
Event: 1.241 Thread 0x000002209d508800 nmethod 1456 0x0000022089a30b10 code [0x0000022089a30d80, 0x0000022089a318e8]
Event: 1.241 Thread 0x000002209d508800 1455       3       java.lang.invoke.LambdaFormEditor::lambdaFormEditor (12 bytes)
Event: 1.241 Thread 0x000002209d507a60 nmethod 1449 0x00000220912eba10 code [0x00000220912ebbc0, 0x00000220912ebff8]
Event: 1.241 Thread 0x000002209d508800 nmethod 1455 0x0000022089a31c90 code [0x0000022089a31e60, 0x0000022089a32128]
Event: 1.241 Thread 0x000002209d507a60 1453       4       org.springframework.boot.context.properties.source.ConfigurationPropertyName::getElement (161 bytes)

GC Heap History (2 events):
Event: 1.090 GC heap before
{Heap before GC invocations=0 (full 0):
 garbage-first heap   total 120832K, used 24576K [0x000000008ac00000, 0x0000000100000000)
  region size 1024K, 23 young (23552K), 0 survivors (0K)
 Metaspace       used 6751K, committed 7040K, reserved 1114112K
  class space    used 800K, committed 960K, reserved 1048576K
}
Event: 1.102 GC heap after
{Heap after GC invocations=1 (full 0):
 garbage-first heap   total 120832K, used 7568K [0x000000008ac00000, 0x0000000100000000)
  region size 1024K, 3 young (3072K), 3 survivors (3072K)
 Metaspace       used 6751K, committed 7040K, reserved 1114112K
  class space    used 800K, committed 960K, reserved 1048576K
}

Dll operation events (6 events):
Event: 0.013 Loaded shared library C:\Program Files\Java\jdk-21\bin\java.dll
Event: 0.061 Loaded shared library C:\Program Files\Java\jdk-21\bin\jsvml.dll
Event: 0.148 Loaded shared library C:\Program Files\Java\jdk-21\bin\net.dll
Event: 0.151 Loaded shared library C:\Program Files\Java\jdk-21\bin\nio.dll
Event: 0.156 Loaded shared library C:\Program Files\Java\jdk-21\bin\zip.dll
Event: 0.306 Loaded shared library C:\Program Files\Java\jdk-21\bin\jimage.dll

Deoptimization events (20 events):
Event: 1.162 Thread 0x00000220fe76f8d0 Uncommon trap: trap_request=0xffffffc6 fr.pc=0x00000220912caa3c relative=0x00000000000002dc
Event: 1.162 Thread 0x00000220fe76f8d0 Uncommon trap: reason=bimorphic_or_optimized_type_check action=maybe_recompile pc=0x00000220912caa3c method=java.util.concurrent.ConcurrentHashMap.get(Ljava/lang/Object;)Ljava/lang/Object; @ 149 c2
Event: 1.162 Thread 0x00000220fe76f8d0 DEOPT PACKING pc=0x00000220912caa3c sp=0x000000ab112fcac0
Event: 1.162 Thread 0x00000220fe76f8d0 DEOPT UNPACKING pc=0x0000022090d246a2 sp=0x000000ab112fca30 mode 2
Event: 1.212 Thread 0x00000220fe76f8d0 Uncommon trap: trap_request=0xffffffc6 fr.pc=0x00000220912caa3c relative=0x00000000000002dc
Event: 1.212 Thread 0x00000220fe76f8d0 Uncommon trap: reason=bimorphic_or_optimized_type_check action=maybe_recompile pc=0x00000220912caa3c method=java.util.concurrent.ConcurrentHashMap.get(Ljava/lang/Object;)Ljava/lang/Object; @ 149 c2
Event: 1.212 Thread 0x00000220fe76f8d0 DEOPT PACKING pc=0x00000220912caa3c sp=0x000000ab112fd2e0
Event: 1.212 Thread 0x00000220fe76f8d0 DEOPT UNPACKING pc=0x0000022090d246a2 sp=0x000000ab112fd240 mode 2
Event: 1.227 Thread 0x00000220fe76f8d0 Uncommon trap: trap_request=0xffffffc6 fr.pc=0x00000220912e75c0 relative=0x0000000000000340
Event: 1.227 Thread 0x00000220fe76f8d0 Uncommon trap: reason=bimorphic_or_optimized_type_check action=maybe_recompile pc=0x00000220912e75c0 method=java.util.HashMap.getNode(Ljava/lang/Object;)Ljava/util/HashMap$Node; @ 63 c2
Event: 1.227 Thread 0x00000220fe76f8d0 DEOPT PACKING pc=0x00000220912e75c0 sp=0x000000ab112fe7b0
Event: 1.227 Thread 0x00000220fe76f8d0 DEOPT UNPACKING pc=0x0000022090d246a2 sp=0x000000ab112fe718 mode 2
Event: 1.227 Thread 0x00000220fe76f8d0 Uncommon trap: trap_request=0xffffffc6 fr.pc=0x00000220912e75c0 relative=0x0000000000000340
Event: 1.227 Thread 0x00000220fe76f8d0 Uncommon trap: reason=bimorphic_or_optimized_type_check action=maybe_recompile pc=0x00000220912e75c0 method=java.util.HashMap.getNode(Ljava/lang/Object;)Ljava/util/HashMap$Node; @ 63 c2
Event: 1.227 Thread 0x00000220fe76f8d0 DEOPT PACKING pc=0x00000220912e75c0 sp=0x000000ab112fe7b0
Event: 1.227 Thread 0x00000220fe76f8d0 DEOPT UNPACKING pc=0x0000022090d246a2 sp=0x000000ab112fe718 mode 2
Event: 1.232 Thread 0x00000220fe76f8d0 Uncommon trap: trap_request=0xffffffc6 fr.pc=0x00000220912e75c0 relative=0x0000000000000340
Event: 1.232 Thread 0x00000220fe76f8d0 Uncommon trap: reason=bimorphic_or_optimized_type_check action=maybe_recompile pc=0x00000220912e75c0 method=java.util.HashMap.getNode(Ljava/lang/Object;)Ljava/util/HashMap$Node; @ 63 c2
Event: 1.232 Thread 0x00000220fe76f8d0 DEOPT PACKING pc=0x00000220912e75c0 sp=0x000000ab112fe7b0
Event: 1.232 Thread 0x00000220fe76f8d0 DEOPT UNPACKING pc=0x0000022090d246a2 sp=0x000000ab112fe718 mode 2

Classes loaded (20 events):
Event: 1.040 Loading class java/lang/invoke/MethodHandle$1
Event: 1.040 Loading class java/lang/invoke/MethodHandle$1 done
Event: 1.137 Loading class java/util/Formatter$FixedString
Event: 1.139 Loading class java/util/Formatter$FixedString done
Event: 1.142 Loading class java/io/LineNumberReader
Event: 1.142 Loading class java/io/LineNumberReader done
Event: 1.143 Loading class sun/nio/cs/ISO_8859_1$Decoder
Event: 1.144 Loading class sun/nio/cs/ISO_8859_1$Decoder done
Event: 1.155 Loading class java/util/stream/MatchOps$1MatchSink
Event: 1.155 Loading class java/util/stream/MatchOps$1MatchSink done
Event: 1.158 Loading class java/lang/reflect/Executable$ParameterData
Event: 1.159 Loading class java/lang/reflect/Executable$ParameterData done
Event: 1.168 Loading class sun/reflect/generics/scope/ConstructorScope
Event: 1.168 Loading class sun/reflect/generics/scope/ConstructorScope done
Event: 1.168 Loading class sun/reflect/generics/repository/ConstructorRepository
Event: 1.168 Loading class sun/reflect/generics/repository/ConstructorRepository done
Event: 1.168 Loading class sun/reflect/generics/tree/VoidDescriptor
Event: 1.168 Loading class sun/reflect/generics/tree/VoidDescriptor done
Event: 1.168 Loading class sun/reflect/generics/tree/MethodTypeSignature
Event: 1.168 Loading class sun/reflect/generics/tree/MethodTypeSignature done

Classes unloaded (0 events):
No events

Classes redefined (0 events):
No events

Internal exceptions (20 events):
Event: 0.940 Thread 0x00000220fe76f8d0 Exception <a 'java/lang/NoSuchMethodError'{0x0000000090e383a0}: 'java.lang.Object java.lang.invoke.DirectMethodHandle$Holder.newInvokeSpecial(java.lang.Object, long)'> (0x0000000090e383a0) 
thrown [s\open\src\hotspot\share\interpreter\linkResolver.cpp, line 773]
Event: 0.960 Thread 0x00000220fe76f8d0 Exception <a 'java/lang/NoSuchMethodError'{0x0000000090ece778}: 'int java.lang.invoke.DirectMethodHandle$Holder.invokeSpecial(java.lang.Object, java.lang.Object, java.lang.Object)'> (0x0000000090ece778) 
thrown [s\open\src\hotspot\share\interpreter\linkResolver.cpp, line 773]
Event: 1.009 Thread 0x00000220fe76f8d0 Exception <a 'java/lang/NoSuchMethodError'{0x0000000090c6bde0}: 'java.lang.Object java.lang.invoke.DirectMethodHandle$Holder.newInvokeSpecial(java.lang.Object, java.lang.Object, java.lang.Object, java.lang.Object, java.lang.Object, java.lang.Object, java.lang.Object)'> (0x0000000090c6bde0) 
thrown [s\open\src\hotspot\share\interpreter\linkResolver.cpp, line 773]
Event: 1.012 Thread 0x00000220fe76f8d0 Exception <a 'java/lang/NoSuchMethodError'{0x0000000090c87320}: 'void java.lang.invoke.DirectMethodHandle$Holder.invokeStatic(java.lang.Object, java.lang.Object)'> (0x0000000090c87320) 
thrown [s\open\src\hotspot\share\interpreter\linkResolver.cpp, line 773]
Event: 1.012 Thread 0x00000220fe76f8d0 Exception <a 'java/lang/NoSuchMethodError'{0x0000000090c8a888}: 'void java.lang.invoke.DirectMethodHandle$Holder.invokeStaticInit(java.lang.Object, java.lang.Object)'> (0x0000000090c8a888) 
thrown [s\open\src\hotspot\share\interpreter\linkResolver.cpp, line 773]
Event: 1.021 Thread 0x00000220fe76f8d0 Exception <a 'java/lang/NoSuchMethodError'{0x0000000090cca1c8}: 'int java.lang.invoke.DirectMethodHandle$Holder.invokeStatic(java.lang.Object, java.lang.Object, java.lang.Object, java.lang.Object)'> (0x0000000090cca1c8) 
thrown [s\open\src\hotspot\share\interpreter\linkResolver.cpp, line 773]
Event: 1.021 Thread 0x00000220fe76f8d0 Exception <a 'java/lang/NoSuchMethodError'{0x0000000090ccd848}: 'java.lang.Object java.lang.invoke.Invokers$Holder.invokeExact_MT(java.lang.Object, java.lang.Object, java.lang.Object, java.lang.Object, java.lang.Object, java.lang.Object)'> (0x0000000090ccd848) 
thrown [s\open\src\hotspot\share\interpreter\linkResolver.cpp, line 773]
Event: 1.029 Thread 0x00000220fe76f8d0 Exception <a 'java/lang/NoSuchMethodError'{0x0000000090cfd0e0}: 'java.lang.Object java.lang.invoke.Invokers$Holder.invokeExact_MT(java.lang.Object, java.lang.Object, java.lang.Object, java.lang.Object, java.lang.Object)'> (0x0000000090cfd0e0) 
thrown [s\open\src\hotspot\share\interpreter\linkResolver.cpp, line 773]
Event: 1.042 Thread 0x00000220fe76f8d0 Exception <a 'java/lang/NoSuchMethodError'{0x0000000090b3c148}: 'java.lang.Object java.lang.invoke.DirectMethodHandle$Holder.invokeSpecial(java.lang.Object, java.lang.Object, java.lang.Object, java.lang.Object, java.lang.Object, java.lang.Object, int)'> (0x0000000090b3c148) 
thrown [s\open\src\hotspot\share\interpreter\linkResolver.cpp, line 773]
Event: 1.043 Thread 0x00000220fe76f8d0 Exception <a 'java/lang/NoSuchMethodError'{0x0000000090b45650}: 'java.lang.Object java.lang.invoke.DirectMethodHandle$Holder.newInvokeSpecial(java.lang.Object, java.lang.Object, java.lang.Object, java.lang.Object, java.lang.Object, java.lang.Object, int)'> (0x0000000090b45650) 
thrown [s\open\src\hotspot\share\interpreter\linkResolver.cpp, line 773]
Event: 1.043 Thread 0x00000220fe76f8d0 Exception <a 'java/lang/NoSuchMethodError'{0x0000000090b49c00}: 'java.lang.Object java.lang.invoke.DirectMethodHandle$Holder.invokeSpecial(java.lang.Object, java.lang.Object, java.lang.Object, java.lang.Object, java.lang.Object, java.lang.Object, java.lang.Object, int)'> (0x0000000090b49c00) 
thrown [s\open\src\hotspot\share\interpreter\linkResolver.cpp, line 773]
Event: 1.121 Thread 0x00000220fe76f8d0 Exception <a 'java/lang/NoSuchMethodError'{0x000000009219ae98}: 'int java.lang.invoke.DirectMethodHandle$Holder.invokeInterface(java.lang.Object, java.lang.Object)'> (0x000000009219ae98) 
thrown [s\open\src\hotspot\share\interpreter\linkResolver.cpp, line 773]
Event: 1.127 Thread 0x00000220fe76f8d0 Exception <a 'java/lang/NoSuchMethodError'{0x00000000921bdbe8}: 'void java.lang.invoke.DirectMethodHandle$Holder.invokeSpecial(java.lang.Object, java.lang.Object, java.lang.Object, java.lang.Object, java.lang.Object)'> (0x00000000921bdbe8) 
thrown [s\open\src\hotspot\share\interpreter\linkResolver.cpp, line 773]
Event: 1.176 Thread 0x00000220fe76f8d0 Exception <a 'java/lang/NoSuchMethodError'{0x00000000920922e0}: 'java.lang.Object java.lang.invoke.DirectMethodHandle$Holder.invokeSpecial(java.lang.Object, java.lang.Object, java.lang.Object, int, java.lang.Object)'> (0x00000000920922e0) 
thrown [s\open\src\hotspot\share\interpreter\linkResolver.cpp, line 773]
Event: 1.177 Thread 0x00000220fe76f8d0 Exception <a 'java/lang/NoSuchMethodError'{0x0000000092099bd0}: 'java.lang.Object java.lang.invoke.DirectMethodHandle$Holder.newInvokeSpecial(java.lang.Object, java.lang.Object, java.lang.Object, int, java.lang.Object)'> (0x0000000092099bd0) 
thrown [s\open\src\hotspot\share\interpreter\linkResolver.cpp, line 773]
Event: 1.178 Thread 0x00000220fe76f8d0 Exception <a 'java/lang/NoSuchMethodError'{0x00000000920a1088}: 'java.lang.Object java.lang.invoke.Invokers$Holder.linkToTargetMethod(java.lang.Object, java.lang.Object, int, java.lang.Object, java.lang.Object)'> (0x00000000920a1088) 
thrown [s\open\src\hotspot\share\interpreter\linkResolver.cpp, line 773]
Event: 1.180 Thread 0x00000220fe76f8d0 Exception <a 'java/lang/NoSuchMethodError'{0x00000000920ae778}: 'java.lang.Object java.lang.invoke.DirectMethodHandle$Holder.newInvokeSpecial(java.lang.Object, int, java.lang.Object)'> (0x00000000920ae778) 
thrown [s\open\src\hotspot\share\interpreter\linkResolver.cpp, line 773]
Event: 1.180 Thread 0x00000220fe76f8d0 Exception <a 'java/lang/NoSuchMethodError'{0x00000000920b31b0}: 'int java.lang.invoke.DirectMethodHandle$Holder.invokeSpecialIFC(java.lang.Object, java.lang.Object, java.lang.Object, java.lang.Object)'> (0x00000000920b31b0) 
thrown [s\open\src\hotspot\share\interpreter\linkResolver.cpp, line 773]
Event: 1.218 Thread 0x00000220fe76f8d0 Exception <a 'java/lang/NoSuchMethodError'{0x0000000091f9ee60}: 'void java.lang.invoke.DirectMethodHandle$Holder.invokeInterface(java.lang.Object, java.lang.Object, java.lang.Object)'> (0x0000000091f9ee60) 
thrown [s\open\src\hotspot\share\interpreter\linkResolver.cpp, line 773]
Event: 1.242 Thread 0x00000220fe76f8d0 Exception <a 'java/lang/NoSuchMethodError'{0x0000000091e24290}: 'void java.lang.invoke.DirectMethodHandle$Holder.invokeStaticInit(java.lang.Object, java.lang.Object, java.lang.Object)'> (0x0000000091e24290) 
thrown [s\open\src\hotspot\share\interpreter\linkResolver.cpp, line 773]

ZGC Phase Switch (0 events):
No events

VM Operations (18 events):
Event: 0.162 Executing VM operation: HandshakeAllThreads (Deoptimize)
Event: 0.162 Executing VM operation: HandshakeAllThreads (Deoptimize) done
Event: 0.254 Executing VM operation: HandshakeAllThreads (Deoptimize)
Event: 0.254 Executing VM operation: HandshakeAllThreads (Deoptimize) done
Event: 0.312 Executing VM operation: HandshakeAllThreads (Deoptimize)
Event: 0.312 Executing VM operation: HandshakeAllThreads (Deoptimize) done
Event: 0.709 Executing VM operation: HandshakeAllThreads (Deoptimize)
Event: 0.709 Executing VM operation: HandshakeAllThreads (Deoptimize) done
Event: 0.709 Executing VM operation: HandshakeAllThreads (Deoptimize)
Event: 0.709 Executing VM operation: HandshakeAllThreads (Deoptimize) done
Event: 0.842 Executing VM operation: HandshakeAllThreads (Deoptimize)
Event: 0.842 Executing VM operation: HandshakeAllThreads (Deoptimize) done
Event: 1.057 Executing VM operation: ICBufferFull
Event: 1.057 Executing VM operation: ICBufferFull done
Event: 1.090 Executing VM operation: G1CollectForAllocation (G1 Evacuation Pause)
Event: 1.102 Executing VM operation: G1CollectForAllocation (G1 Evacuation Pause) done
Event: 1.142 Executing VM operation: HandshakeAllThreads (Deoptimize)
Event: 1.142 Executing VM operation: HandshakeAllThreads (Deoptimize) done

Events (12 events):
Event: 0.038 Thread 0x00000220fe76f8d0 Thread added: 0x00000220fe76f8d0
Event: 0.057 Thread 0x000002209d4ebef0 Thread added: 0x000002209d4ebef0
Event: 0.057 Thread 0x000002209d4eec20 Thread added: 0x000002209d4eec20
Event: 0.058 Thread 0x000002209d4f1b60 Thread added: 0x000002209d4f1b60
Event: 0.058 Thread 0x000002209d4f26f0 Thread added: 0x000002209d4f26f0
Event: 0.058 Thread 0x000002209d4f3430 Thread added: 0x000002209d4f3430
Event: 0.058 Thread 0x000002209d500970 Thread added: 0x000002209d500970
Event: 0.058 Thread 0x000002209d501c10 Thread added: 0x000002209d501c10
Event: 0.059 Thread 0x000002209d508800 Thread added: 0x000002209d508800
Event: 0.135 Thread 0x000002209d7a2bc0 Thread added: 0x000002209d7a2bc0
Event: 0.140 Thread 0x000002209d7aabc0 Thread added: 0x000002209d7aabc0
Event: 0.185 Thread 0x000002209d507a60 Thread added: 0x000002209d507a60


Dynamic libraries:
0x00007ff7f2260000 - 0x00007ff7f2270000 	C:\Program Files\Java\jdk-21\bin\java.exe
0x00007ff928130000 - 0x00007ff928347000 	C:\WINDOWS\SYSTEM32\ntdll.dll
0x00007ff927810000 - 0x00007ff9278d4000 	C:\WINDOWS\System32\KERNEL32.DLL
0x00007ff925a90000 - 0x00007ff925e49000 	C:\WINDOWS\System32\KERNELBASE.dll
0x00007ff9257d0000 - 0x00007ff9258e1000 	C:\WINDOWS\System32\ucrtbase.dll
0x00007ff9216b0000 - 0x00007ff9216cb000 	C:\Program Files\Java\jdk-21\bin\VCRUNTIME140.dll
0x00007ff90df10000 - 0x00007ff90df29000 	C:\Program Files\Java\jdk-21\bin\jli.dll
0x00007ff9279a0000 - 0x00007ff927a52000 	C:\WINDOWS\System32\ADVAPI32.dll
0x00007ff925e50000 - 0x00007ff925ef7000 	C:\WINDOWS\System32\msvcrt.dll
0x00007ff926de0000 - 0x00007ff926e87000 	C:\WINDOWS\System32\sechost.dll
0x00007ff9255c0000 - 0x00007ff9255e8000 	C:\WINDOWS\System32\bcrypt.dll
0x00007ff927df0000 - 0x00007ff927f04000 	C:\WINDOWS\System32\RPCRT4.dll
0x00007ff926330000 - 0x00007ff9264de000 	C:\WINDOWS\System32\USER32.dll
0x00007ff925590000 - 0x00007ff9255b6000 	C:\WINDOWS\System32\win32u.dll
0x00007ff909e10000 - 0x00007ff90a0a2000 	C:\WINDOWS\WinSxS\amd64_microsoft.windows.common-controls_6595b64144ccf1df_6.0.22621.4391_none_2715d37f73803e96\COMCTL32.dll
0x00007ff927960000 - 0x00007ff927989000 	C:\WINDOWS\System32\GDI32.dll
0x00007ff9258f0000 - 0x00007ff925a0b000 	C:\WINDOWS\System32\gdi32full.dll
0x00007ff9254f0000 - 0x00007ff92558a000 	C:\WINDOWS\System32\msvcp_win.dll
0x00007ff91c9e0000 - 0x00007ff91c9ea000 	C:\WINDOWS\SYSTEM32\VERSION.dll
0x00007ff9262a0000 - 0x00007ff9262d1000 	C:\WINDOWS\System32\IMM32.DLL
0x00007ff919460000 - 0x00007ff91946c000 	C:\Program Files\Java\jdk-21\bin\vcruntime140_1.dll
0x00007ff8f4260000 - 0x00007ff8f42ee000 	C:\Program Files\Java\jdk-21\bin\msvcp140.dll
0x00007ff90a0b0000 - 0x00007ff90adc5000 	C:\Program Files\Java\jdk-21\bin\server\jvm.dll
0x00007ff927a60000 - 0x00007ff927ad1000 	C:\WINDOWS\System32\WS2_32.dll
0x00007ff925150000 - 0x00007ff92519d000 	C:\WINDOWS\SYSTEM32\POWRPROF.dll
0x00007ff91b5c0000 - 0x00007ff91b5f4000 	C:\WINDOWS\SYSTEM32\WINMM.dll
0x00007ff925130000 - 0x00007ff925143000 	C:\WINDOWS\SYSTEM32\UMPDC.dll
0x00007ff924470000 - 0x00007ff924488000 	C:\WINDOWS\SYSTEM32\kernel.appcore.dll
0x00007ff909950000 - 0x00007ff90995a000 	C:\Program Files\Java\jdk-21\bin\jimage.dll
0x00007ff91e880000 - 0x00007ff91eab2000 	C:\WINDOWS\SYSTEM32\DBGHELP.DLL
0x00007ff925f00000 - 0x00007ff92628f000 	C:\WINDOWS\System32\combase.dll
0x00007ff926ca0000 - 0x00007ff926d77000 	C:\WINDOWS\System32\OLEAUT32.dll
0x00007ff90cd40000 - 0x00007ff90cd72000 	C:\WINDOWS\SYSTEM32\dbgcore.DLL
0x00007ff925a10000 - 0x00007ff925a8b000 	C:\WINDOWS\System32\bcryptPrimitives.dll
0x00007ff909630000 - 0x00007ff90964f000 	C:\Program Files\Java\jdk-21\bin\java.dll
0x00007ff926e90000 - 0x00007ff927706000 	C:\WINDOWS\System32\SHELL32.dll
0x00007ff923370000 - 0x00007ff923c73000 	C:\WINDOWS\SYSTEM32\windows.storage.dll
0x00007ff923230000 - 0x00007ff92336f000 	C:\WINDOWS\SYSTEM32\wintypes.dll
0x00007ff926b00000 - 0x00007ff926bf9000 	C:\WINDOWS\System32\SHCORE.dll
0x00007ff926c10000 - 0x00007ff926c6e000 	C:\WINDOWS\System32\shlwapi.dll
0x00007ff925360000 - 0x00007ff92538b000 	C:\WINDOWS\SYSTEM32\profapi.dll
0x00007ff906a60000 - 0x00007ff906b37000 	C:\Program Files\Java\jdk-21\bin\jsvml.dll
0x00007ff909710000 - 0x00007ff909720000 	C:\Program Files\Java\jdk-21\bin\net.dll
0x00007ff922310000 - 0x00007ff922446000 	C:\WINDOWS\SYSTEM32\WINHTTP.dll
0x00007ff9248f0000 - 0x00007ff924959000 	C:\WINDOWS\system32\mswsock.dll
0x00007ff9096f0000 - 0x00007ff909706000 	C:\Program Files\Java\jdk-21\bin\nio.dll
0x00007ff9096d0000 - 0x00007ff9096e8000 	C:\Program Files\Java\jdk-21\bin\zip.dll

dbghelp: loaded successfully - version: 4.0.5 - missing functions: none
symbol engine: initialized successfully - sym options: 0x614 - pdb path: .;C:\Program Files\Java\jdk-21\bin;C:\WINDOWS\SYSTEM32;C:\WINDOWS\WinSxS\amd64_microsoft.windows.common-controls_6595b64144ccf1df_6.0.22621.4391_none_2715d37f73803e96;C:\Program Files\Java\jdk-21\bin\server

VM Arguments:
jvm_args: -XX:+ShowCodeDetailsInExceptionMessages 
java_command: com.jwtproject.jwtdemo.JwtdemoApplication
java_class_path (initial): D:\restapi springboot\jwttoken\jwtdemo\target\classes;C:\Users\91638.SHARATH\.m2\repository\org\springframework\boot\spring-boot-starter-data-jpa\3.4.1\spring-boot-starter-data-jpa-3.4.1.jar;C:\Users\91638.SHARATH\.m2\repository\org\springframework\boot\spring-boot-starter\3.4.1\spring-boot-starter-3.4.1.jar;C:\Users\91638.SHARATH\.m2\repository\org\springframework\boot\spring-boot\3.4.1\spring-boot-3.4.1.jar;C:\Users\91638.SHARATH\.m2\repository\org\springframework\boot\spring-boot-autoconfigure\3.4.1\spring-boot-autoconfigure-3.4.1.jar;C:\Users\91638.SHARATH\.m2\repository\org\springframework\boot\spring-boot-starter-logging\3.4.1\spring-boot-starter-logging-3.4.1.jar;C:\Users\91638.SHARATH\.m2\repository\ch\qos\logback\logback-classic\1.5.12\logback-classic-1.5.12.jar;C:\Users\91638.SHARATH\.m2\repository\ch\qos\logback\logback-core\1.5.12\logback-core-1.5.12.jar;C:\Users\91638.SHARATH\.m2\repository\org\apache\logging\log4j\log4j-to-slf4j\2.24.3\log4j-to-slf4j-2.24.3.jar;C:\Users\91638.SHARATH\.m2\repository\org\apache\logging\log4j\log4j-api\2.24.3\log4j-api-2.24.3.jar;C:\Users\91638.SHARATH\.m2\repository\org\slf4j\jul-to-slf4j\2.0.16\jul-to-slf4j-2.0.16.jar;C:\Users\91638.SHARATH\.m2\repository\jakarta\annotation\jakarta.annotation-api\2.1.1\jakarta.annotation-api-2.1.1.jar;C:\Users\91638.SHARATH\.m2\repository\org\yaml\snakeyaml\2.3\snakeyaml-2.3.jar;C:\Users\91638.SHARATH\.m2\repository\org\springframework\boot\spring-boot-starter-jdbc\3.4.1\spring-boot-starter-jdbc-3.4.1.jar;C:\Users\91638.SHARATH\.m2\repository\com\zaxxer\HikariCP\5.1.0\HikariCP-5.1.0.jar;C:\Users\91638.SHARATH\.m2\repository\org\springframework\spring-jdbc\6.2.1\spring-jdbc-6.2.1.jar;C:\Users\91638.SHARATH\.m2\repository\org\hibernate\orm\hibernate-core\6.6.4.Final\hibernate-core-6.6.4.Final.jar;C:\Users\91638.SHARATH\.m2\repository\jakarta\persistence\jakarta.persistence-api\3.1.0\jakarta.persistence-api-3.1.0.jar;C:\Users\91638.SHARATH\.m2\repository\jakarta\transaction\jakarta.transaction-api\2.0.1\jakarta.transaction-api-2.0.1.jar;C:\Users\91638.SHARATH\.m2\repository\org\jboss\logging\jboss-logging\3.6.1.Final\jboss-logging-3.6.1.Final.jar;C:\Users\91638.SHARATH\.m2\repository\org\hibernate\common\hibernate-commons-annotations\7.0.3.Final\hibernate-commons-annotations-7.0.3.Final.jar;C:\Users\91638.SHARATH\.m2\repository\io\smallrye\jandex\3.2.0\jandex-3.2.0.jar;C:\Users\91638.SHARATH\.m2\repository\com\fasterxml\classmate\1.7.0\classmate-1.7.0.jar;C:\Users\91638.SHARATH\.m2\repository\net\bytebuddy\byte-buddy\1.15.11\byte-buddy-1.15.11.jar;C:\Users\91638.SHARATH\.m2\repository\org\glassfish\jaxb\jaxb-runtime\4.0.5\jaxb-runtime-4.0.5.jar;C:\Users\91638.SHARATH\.m2\repository\org\glassfish\jaxb\jaxb-core\4.0.5\jaxb-core-4.0.5.jar;C:\Users\91638.SHARATH\.m2\repository\org\eclipse\angus\angus-activation\2.0.2\angus-activation-2.0.2.jar;C:\Users\91638.SHARATH\.m2\repository\org\glassfish\jaxb\txw2\4.0.5\txw2-4.0.5.jar;C:\Users\91638.SHARATH\.m2\repository\com\sun\istack\istack-commons-runtime\4.1.2\istack-commons-runtime-4.1.2.jar;C:\Users\91638.SHARATH\.m2\repository\jakarta\inject\jakarta.inject-api\2.0.1\jakarta.inject-api-2.0.1.jar;C:\Users\91638.SHARATH\.m2\repository\org\antlr\antlr4-runtime\4.13.0\antlr4-runtime-4.13.0.jar;C:\Users\91638.SHARATH\.m2\repository\org\springframework\data\spring-data-jpa\3.4.1\spring-data-jpa-3.4.1.jar;C:\Users\91638.SHARATH\.m2\repository\org\springframework\data\spring-data-commons\3.4.1\spring-data-commons-3.4.1.jar;C:\Users\91638.SHARATH\.m2\repository\org\springframework\spring-orm\6.2.1\spring-orm-6.2.1.jar;C:\Users\91638.SHARATH\.m2\repository\org\springframework\spring-context\6.2.1\spring-context-6.2.1.jar;C:\Users\91638.SHARATH\.m2\repository\org\springframework\spring-aop\6.2.1\spring-aop-6.2.1.jar;C:\Users\91638.SHARATH\.m2\repository\org\springframework\spring-tx\6.2.1\spring-tx-6.2.1.jar;C:\Users\91638.SHARATH\.m2\repository\org\springframework\spring-beans\6.2.1\spring-beans-6.2.1.jar;C:\Users\91638.SHARATH\.m2\repository\org\slf4j\slf4j-api\2.0.16\slf4j-api-2.0.16.jar;C:\Users\91638.SHARATH\.m2\repository\org\springframework\spring-aspects\6.2.1\spring-aspects-6.2.1.jar;C:\Users\91638.SHARATH\.m2\repository\org\aspectj\aspectjweaver\1.9.22.1\aspectjweaver-1.9.22.1.jar;C:\Users\91638.SHARATH\.m2\repository\org\springframework\boot\spring-boot-starter-web\3.4.1\spring-boot-starter-web-3.4.1.jar;C:\Users\91638.SHARATH\.m2\repository\org\springframework\boot\spring-boot-starter-json\3.4.1\spring-boot-starter-json-3.4.1.jar;C:\Users\91638.SHARATH\.m2\repository\com\fasterxml\jackson\core\jackson-databind\2.18.2\jackson-databind-2.18.2.jar;C:\Users\91638.SHARATH\.m2\repository\com\fasterxml\jackson\core\jackson-annotations\2.18.2\jackson-annotations-2.18.2.jar;C:\Users\91638.SHARATH\.m2\repository\com\fasterxml\jackson\core\jackson-core\2.18.2\jackson-core-2.18.2.jar;C:\Users\91638.SHARATH\.m2\repository\com\fasterxml\jackson\datatype\jackson-datatype-jdk8\2.18.2\jackson-datatype-jdk8-2.18.2.jar;C:\Users\91638.SHARATH\.m2\repository\com\fasterxml\jackson\datatype\jackson-datatype-jsr310\2.18.2\jackson-datatype-jsr310-2.18.2.jar;C:\Users\91638.SHARATH\.m2\repository\com\fasterxml\jackson\module\jackson-module-parameter-names\2.18.2\jackson-module-parameter-names-2.18.2.jar;C:\Users\91638.SHARATH\.m2\repository\org\springframework\boot\spring-boot-starter-tomcat\3.4.1\spring-boot-starter-tomcat-3.4.1.jar;C:\Users\91638.SHARATH\.m2\repository\org\apache\tomcat\embed\tomcat-embed-core\10.1.34\tomcat-embed-core-10.1.34.jar;C:\Users\91638.SHARATH\.m2\repository\org\apache\tomcat\embed\tomcat-embed-el\10.1.34\tomcat-embed-el-10.1.34.jar;C:\Users\91638.SHARATH\.m2\repository\org\apache\tomcat\embed\tomcat-embed-websocket\10.1.34\tomcat-embed-websocket-10.1.34.jar;C:\Users\91638.SHARATH\.m2\repository\org\springframework\spring-web\6.2.1\spring-web-6.2.1.jar;C:\Users\91638.SHARATH\.m2\repository\io\micrometer\micrometer-observation\1.14.2\micrometer-observation-1.14.2.jar;C:\Users\91638.SHARATH\.m2\repository\io\micrometer\micrometer-commons\1.14.2\micrometer-commons-1.14.2.jar;C:\Users\91638.SHARATH\.m2\repository\org\springframework\spring-webmvc\6.2.1\spring-webmvc-6.2.1.jar;C:\Users\91638.SHARATH\.m2\repository\org\springframework\spring-expression\6.2.1\spring-expression-6.2.1.jar;C:\Users\91638.SHARATH\.m2\repository\com\mysql\mysql-connector-j\9.1.0\mysql-connector-j-9.1.0.jar;C:\Users\91638.SHARATH\.m2\repository\org\projectlombok\lombok\1.18.36\lombok-1.18.36.jar;C:\Users\91638.SHARATH\.m2\repository\jakarta\xml\bind\jakarta.xml.bind-api\4.0.2\jakarta.xml.bind-api-4.0.2.jar;C:\Users\91638.SHARATH\.m2\repository\jakarta\activation\jakarta.activation-api\2.1.3\jakarta.activation-api-2.1.3.jar;C:\Users\91638.SHARATH\.m2\repository\org\springframework\spring-core\6.2.1\spring-core-6.2.1.jar;C:\Users\91638.SHARATH\.m2\repository\org\springframework\spring-jcl\6.2.1\spring-jcl-6.2.1.jar
Launcher Type: SUN_STANDARD

[Global flags]
     intx CICompilerCount                          = 4                                         {product} {ergonomic}
     uint ConcGCThreads                            = 3                                         {product} {ergonomic}
     uint G1ConcRefinementThreads                  = 10                                        {product} {ergonomic}
   size_t G1HeapRegionSize                         = 1048576                                   {product} {ergonomic}
    uintx GCDrainStackTargetSize                   = 64                                        {product} {ergonomic}
   size_t InitialHeapSize                          = 123731968                                 {product} {ergonomic}
   size_t MarkStackSize                            = 4194304                                   {product} {ergonomic}
   size_t MaxHeapSize                              = 1967128576                                {product} {ergonomic}
   size_t MaxNewSize                               = 1179648000                                {product} {ergonomic}
   size_t MinHeapDeltaBytes                        = 1048576                                   {product} {ergonomic}
   size_t MinHeapSize                              = 8388608                                   {product} {ergonomic}
    uintx NonNMethodCodeHeapSize                   = 5839372                                {pd product} {ergonomic}
    uintx NonProfiledCodeHeapSize                  = 122909434                              {pd product} {ergonomic}
    uintx ProfiledCodeHeapSize                     = 122909434                              {pd product} {ergonomic}
    uintx ReservedCodeCacheSize                    = 251658240                              {pd product} {ergonomic}
     bool SegmentedCodeCache                       = true                                      {product} {ergonomic}
     bool ShowCodeDetailsInExceptionMessages       = true                                   {manageable} {command line}
   size_t SoftMaxHeapSize                          = 1967128576                             {manageable} {ergonomic}
     bool UseCompressedOops                        = true                           {product lp64_product} {ergonomic}
     bool UseG1GC                                  = true                                      {product} {ergonomic}
     bool UseLargePagesIndividualAllocation        = false                                  {pd product} {ergonomic}

Logging:
Log output configuration:
 #0: stdout all=warning uptime,level,tags foldmultilines=false
 #1: stderr all=off uptime,level,tags foldmultilines=false

Environment Variables:
JAVA_HOME=C:\Program Files\Java\jdk-19
PATH=C:\Users\91638.SHARATH\Downloads\WINDOWS.X64_193000_db_home\bin;D:\Oracleapp\91638\product\21c\dbhomeXE\bin;D:\OracleSoftwareinstalltionapp\91638\product\21c\dbhomeXE\bin;C:\app\91638\product\21c\dbhomeXE\bin;C:\Program Files\Common Files\Oracle\Java\javapath;C:\WINDOWS\system32;C:\WINDOWS;C:\WINDOWS\System32\Wbem;C:\WINDOWS\System32\WindowsPowerShell\v1.0\;C:\WINDOWS\System32\OpenSSH\;E:\ALTIUM\System;C:\Program Files (x86)\Altium Designer Summer 09\System;C:\Program Files (x86)\MATLAB\R2009a\bin;C:\Program Files (x86)\MATLAB\R2009a\bin\win32;C:\Program Files\Java\jdk-19\bin;C:\Program Files\Java\jdk-21\bin;C:\Program Files\Git\cmd;C:\Program Files\nodejs\;C:\Program Files\HP\HP One Agent;C:\Users\91638.SHARATH\AppData\Local\Microsoft\WindowsApps;;C:\Program Files\JetBrains\IntelliJ IDEA Community Edition 2023.3.2\bin;;C:\Users\91638.SHARATH\AppData\Local\Programs\Microsoft VS Code2\bin
USERNAME=91638
LANG=en_US.UTF-8
OS=Windows_NT
PROCESSOR_IDENTIFIER=AMD64 Family 23 Model 104 Stepping 1, AuthenticAMD
TMP=C:\Users\91638~1.SHA\AppData\Local\Temp
TEMP=C:\Users\91638~1.SHA\AppData\Local\Temp




Periodic native trim disabled

---------------  S Y S T E M  ---------------

OS:
 Windows 11 , 64 bit Build 22621 (10.0.22621.4391)
OS uptime: 25 days 15:16 hours

CPU: total 12 (initial active 12) (12 cores per cpu, 2 threads per core) family 23 model 104 stepping 1 microcode 0x0, cx8, cmov, fxsr, ht, mmx, 3dnowpref, sse, sse2, sse3, ssse3, sse4a, sse4.1, sse4.2, popcnt, lzcnt, tsc, tscinvbit, avx, avx2, aes, clmul, bmi1, bmi2, adx, sha, fma, vzeroupper, clflush, clflushopt, rdtscp, rdpid, f16c
Processor Information for processor 0
  Max Mhz: 2100, Current Mhz: 2100, Mhz Limit: 2100
Processor Information for processor 1
  Max Mhz: 2100, Current Mhz: 1813, Mhz Limit: 2100
Processor Information for processor 2
  Max Mhz: 2100, Current Mhz: 2100, Mhz Limit: 2100
Processor Information for processor 3
  Max Mhz: 2100, Current Mhz: 1813, Mhz Limit: 2100
Processor Information for processor 4
  Max Mhz: 2100, Current Mhz: 1813, Mhz Limit: 2100
Processor Information for processor 5
  Max Mhz: 2100, Current Mhz: 2100, Mhz Limit: 2100
Processor Information for processor 6
  Max Mhz: 2100, Current Mhz: 2100, Mhz Limit: 2100
Processor Information for processor 7
  Max Mhz: 2100, Current Mhz: 2100, Mhz Limit: 2100
Processor Information for processor 8
  Max Mhz: 2100, Current Mhz: 1813, Mhz Limit: 2100
Processor Information for processor 9
  Max Mhz: 2100, Current Mhz: 1813, Mhz Limit: 2100
Processor Information for processor 10
  Max Mhz: 2100, Current Mhz: 1813, Mhz Limit: 2100
Processor Information for processor 11
  Max Mhz: 2100, Current Mhz: 1813, Mhz Limit: 2100

Memory: 4k page, system-wide physical 7501M (556M free)
TotalPageFile size 11597M (AvailPageFile size 4M)
current process WorkingSet (physical memory assigned to process): 89M, peak: 89M
current process commit charge ("private bytes"): 224M, peak: 224M

vm_info: Java HotSpot(TM) 64-Bit Server VM (21.0.1+12-LTS-29) for windows-amd64 JRE (21.0.1+12-LTS-29), built on 2023-10-05T13:27:09Z by "mach5one" with MS VC++ 17.1 (VS2022)

END.
